0 info it worked if it ends with ok
1 verbose cli [ '/usr/bin/node', '/usr/bin/npm', 'run', 'heroku-postbuild' ]
2 info using npm@3.5.2
3 info using node@v8.10.0
4 verbose run-script [ 'preheroku-postbuild',
4 verbose run-script   'heroku-postbuild',
4 verbose run-script   'postheroku-postbuild' ]
5 info lifecycle nodejs-express-sequelize-mysql@1.0.0~preheroku-postbuild: nodejs-express-sequelize-mysql@1.0.0
6 silly lifecycle nodejs-express-sequelize-mysql@1.0.0~preheroku-postbuild: no script for preheroku-postbuild, continuing
7 info lifecycle nodejs-express-sequelize-mysql@1.0.0~heroku-postbuild: nodejs-express-sequelize-mysql@1.0.0
8 verbose lifecycle nodejs-express-sequelize-mysql@1.0.0~heroku-postbuild: unsafe-perm in lifecycle true
9 verbose lifecycle nodejs-express-sequelize-mysql@1.0.0~heroku-postbuild: PATH: /usr/share/npm/bin/node-gyp-bin:/mnt/c/Users/zssva/g1/heroku-artblog3/node_modules/.bin:/usr/local/sbin:/usr/local/bin:/usr/sbin:/usr/bin:/sbin:/bin:/snap/bin
10 verbose lifecycle nodejs-express-sequelize-mysql@1.0.0~heroku-postbuild: CWD: /mnt/c/Users/zssva/g1/heroku-artblog3
11 silly lifecycle nodejs-express-sequelize-mysql@1.0.0~heroku-postbuild: Args: [ '-c', 'cd client && npm install && npm run build' ]
12 silly lifecycle nodejs-express-sequelize-mysql@1.0.0~heroku-postbuild: Returned: code: 1  signal: null
13 info lifecycle nodejs-express-sequelize-mysql@1.0.0~heroku-postbuild: Failed to exec heroku-postbuild script
14 verbose stack Error: nodejs-express-sequelize-mysql@1.0.0 heroku-postbuild: `cd client && npm install && npm run build`
14 verbose stack Exit status 1
14 verbose stack     at EventEmitter.<anonymous> (/usr/share/npm/lib/utils/lifecycle.js:232:16)
14 verbose stack     at emitTwo (events.js:126:13)
14 verbose stack     at EventEmitter.emit (events.js:214:7)
14 verbose stack     at ChildProcess.<anonymous> (/usr/share/npm/lib/utils/spawn.js:24:14)
14 verbose stack     at emitTwo (events.js:126:13)
14 verbose stack     at ChildProcess.emit (events.js:214:7)
14 verbose stack     at maybeClose (internal/child_process.js:925:16)
14 verbose stack     at Process.ChildProcess._handle.onexit (internal/child_process.js:209:5)
15 verbose pkgid nodejs-express-sequelize-mysql@1.0.0
16 verbose cwd /mnt/c/Users/zssva/g1/heroku-artblog3
17 error Linux 5.4.72-microsoft-standard-WSL2
18 error argv "/usr/bin/node" "/usr/bin/npm" "run" "heroku-postbuild"
19 error node v8.10.0
20 error npm  v3.5.2
21 error code ELIFECYCLE
22 error nodejs-express-sequelize-mysql@1.0.0 heroku-postbuild: `cd client && npm install && npm run build`
22 error Exit status 1
23 error Failed at the nodejs-express-sequelize-mysql@1.0.0 heroku-postbuild script 'cd client && npm install && npm run build'.
23 error Make sure you have the latest version of node.js and npm installed.
23 error If you do, this is most likely a problem with the nodejs-express-sequelize-mysql package,
23 error not with npm itself.
23 error Tell the author that this fails on your system:
23 error     cd client && npm install && npm run build
23 error You can get information on how to open an issue for this project with:
23 error     npm bugs nodejs-express-sequelize-mysql
23 error Or if that isn't available, you can get their info via:
23 error     npm owner ls nodejs-express-sequelize-mysql
23 error There is likely additional logging output above.
24 verbose exit [ 1, true ]
